The system is: Linux - 3.18.21 - x86_64
Compiling the C compiler identification source file "CMakeCCompilerId.c" succeeded.
Compiler: /usr/bin/cc 
Build flags: 
Id flags: 

The output was:
0


Compilation of the C compiler identification source "CMakeCCompilerId.c" produced "a.out"

The C compiler identification is GNU, found in "/home/ryanmcc/GameOfLifeCPP/build_phi/CMakeFiles/2.8.11/CompilerIdC/a.out"

Compiling the CXX compiler identification source file "CMakeCXXCompilerId.cpp" succeeded.
Compiler: /share/apps/tools/intel/composer_xe_2015.3.187/bin/intel64/icpc 
Build flags: 
Id flags: 

The output was:
0


Compilation of the CXX compiler identification source "CMakeCXXCompilerId.cpp" produced "a.out"

The CXX compiler identification is Intel, found in "/home/ryanmcc/GameOfLifeCPP/build_phi/CMakeFiles/2.8.11/CompilerIdCXX/a.out"

Determining if the C compiler works passed with the following output:
Change Dir: /home/ryanmcc/GameOfLifeCPP/build_phi/CMakeFiles/CMakeTmp

Run Build Command:/usr/bin/gmake "cmTryCompileExec1102860523/fast"
/usr/bin/gmake -f CMakeFiles/cmTryCompileExec1102860523.dir/build.make CMakeFiles/cmTryCompileExec1102860523.dir/build
gmake[1]: Entering directory `/home/ryanmcc/GameOfLifeCPP/build_phi/CMakeFiles/CMakeTmp'
/usr/bin/cmake -E cmake_progress_report /home/ryanmcc/GameOfLifeCPP/build_phi/CMakeFiles/CMakeTmp/CMakeFiles 1
Building C object CMakeFiles/cmTryCompileExec1102860523.dir/testCCompiler.c.o
/usr/bin/cc    -o CMakeFiles/cmTryCompileExec1102860523.dir/testCCompiler.c.o   -c /home/ryanmcc/GameOfLifeCPP/build_phi/CMakeFiles/CMakeTmp/testCCompiler.c
Linking C executable cmTryCompileExec1102860523
/usr/bin/cmake -E cmake_link_script CMakeFiles/cmTryCompileExec1102860523.dir/link.txt --verbose=1
/usr/bin/cc         CMakeFiles/cmTryCompileExec1102860523.dir/testCCompiler.c.o  -o cmTryCompileExec1102860523 -rdynamic 
gmake[1]: Leaving directory `/home/ryanmcc/GameOfLifeCPP/build_phi/CMakeFiles/CMakeTmp'


Detecting C compiler ABI info compiled with the following output:
Change Dir: /home/ryanmcc/GameOfLifeCPP/build_phi/CMakeFiles/CMakeTmp

Run Build Command:/usr/bin/gmake "cmTryCompileExec3135771317/fast"
/usr/bin/gmake -f CMakeFiles/cmTryCompileExec3135771317.dir/build.make CMakeFiles/cmTryCompileExec3135771317.dir/build
gmake[1]: Entering directory `/home/ryanmcc/GameOfLifeCPP/build_phi/CMakeFiles/CMakeTmp'
/usr/bin/cmake -E cmake_progress_report /home/ryanmcc/GameOfLifeCPP/build_phi/CMakeFiles/CMakeTmp/CMakeFiles 1
Building C object CMakeFiles/cmTryCompileExec3135771317.dir/CMakeCCompilerABI.c.o
/usr/bin/cc    -o CMakeFiles/cmTryCompileExec3135771317.dir/CMakeCCompilerABI.c.o   -c /usr/share/cmake/Modules/CMakeCCompilerABI.c
Linking C executable cmTryCompileExec3135771317
/usr/bin/cmake -E cmake_link_script CMakeFiles/cmTryCompileExec3135771317.dir/link.txt --verbose=1
/usr/bin/cc       -v CMakeFiles/cmTryCompileExec3135771317.dir/CMakeCCompilerABI.c.o  -o cmTryCompileExec3135771317 -rdynamic  
Using built-in specs.
COLLECT_GCC=/usr/bin/cc
COLLECT_LTO_WRAPPER=/usr/libexec/gcc/x86_64-redhat-linux/4.8.3/lto-wrapper
Target: x86_64-redhat-linux
Configured with: ../configure --prefix=/usr --mandir=/usr/share/man --infodir=/usr/share/info --with-bugurl=http://bugzilla.redhat.com/bugzilla --enable-bootstrap --enable-shared --enable-threads=posix --enable-checking=release --with-system-zlib --enable-__cxa_atexit --disable-libunwind-exceptions --enable-gnu-unique-object --enable-linker-build-id --with-linker-hash-style=gnu --enable-languages=c,c++,objc,obj-c++,java,fortran,ada,go,lto --enable-plugin --enable-initfini-array --disable-libgcj --with-isl=/builddir/build/BUILD/gcc-4.8.3-20140911/obj-x86_64-redhat-linux/isl-install --with-cloog=/builddir/build/BUILD/gcc-4.8.3-20140911/obj-x86_64-redhat-linux/cloog-install --enable-gnu-indirect-function --with-tune=generic --with-arch_32=x86-64 --build=x86_64-redhat-linux
Thread model: posix
gcc version 4.8.3 20140911 (Red Hat 4.8.3-9) (GCC) 
COMPILER_PATH=/usr/libexec/gcc/x86_64-redhat-linux/4.8.3/:/usr/libexec/gcc/x86_64-redhat-linux/4.8.3/:/usr/libexec/gcc/x86_64-redhat-linux/:/usr/lib/gcc/x86_64-redhat-linux/4.8.3/:/usr/lib/gcc/x86_64-redhat-linux/
LIBRARY_PATH=/usr/lib/gcc/x86_64-redhat-linux/4.8.3/:/usr/lib/gcc/x86_64-redhat-linux/4.8.3/../../../../lib64/:/lib/../lib64/:/usr/lib/../lib64/:/share/apps/tools/intel/composer_xe_2015.3.187//compiler/lib/intel64/:/share/apps/tools/intel/composer_xe_2015.3.187//ipp/lib/intel64/:/share/apps/tools/intel/composer_xe_2015.3.187//compiler/lib/intel64/:/share/apps/tools/intel/composer_xe_2015.3.187//mkl/lib/intel64/:/share/apps/tools/intel/composer_xe_2015.3.187//tbb/lib/intel64/gcc4.4/:/usr/lib/gcc/x86_64-redhat-linux/4.8.3/../../../:/lib/:/usr/lib/
COLLECT_GCC_OPTIONS='-v' '-o' 'cmTryCompileExec3135771317' '-rdynamic' '-mtune=generic' '-march=x86-64'
 /usr/libexec/gcc/x86_64-redhat-linux/4.8.3/collect2 --build-id --no-add-needed --eh-frame-hdr --hash-style=gnu -m elf_x86_64 -export-dynamic -dynamic-linker /lib64/ld-linux-x86-64.so.2 -o cmTryCompileExec3135771317 /usr/lib/gcc/x86_64-redhat-linux/4.8.3/../../../../lib64/crt1.o /usr/lib/gcc/x86_64-redhat-linux/4.8.3/../../../../lib64/crti.o /usr/lib/gcc/x86_64-redhat-linux/4.8.3/crtbegin.o -L/usr/lib/gcc/x86_64-redhat-linux/4.8.3 -L/usr/lib/gcc/x86_64-redhat-linux/4.8.3/../../../../lib64 -L/lib/../lib64 -L/usr/lib/../lib64 -L/share/apps/tools/intel/composer_xe_2015.3.187//compiler/lib/intel64 -L/share/apps/tools/intel/composer_xe_2015.3.187//ipp/lib/intel64 -L/share/apps/tools/intel/composer_xe_2015.3.187//compiler/lib/intel64 -L/share/apps/tools/intel/composer_xe_2015.3.187//mkl/lib/intel64 -L/share/apps/tools/intel/composer_xe_2015.3.187//tbb/lib/intel64/gcc4.4 -L/usr/lib/gcc/x86_64-redhat-linux/4.8.3/../../.. CMakeFiles/cmTryCompileExec3135771317.dir/CMakeCCompilerABI.c.o -lgcc --as-needed -lgcc_s --no-as-needed -lc -lgcc --as-needed -lgcc_s --no-as-needed /usr/lib/gcc/x86_64-redhat-linux/4.8.3/crtend.o /usr/lib/gcc/x86_64-redhat-linux/4.8.3/../../../../lib64/crtn.o
gmake[1]: Leaving directory `/home/ryanmcc/GameOfLifeCPP/build_phi/CMakeFiles/CMakeTmp'


Parsed C implicit link information from above output:
  link line regex: [^( *|.*[/\])(ld|ld|collect2)[^/\]*( |$)]
  ignore line: [Change Dir: /home/ryanmcc/GameOfLifeCPP/build_phi/CMakeFiles/CMakeTmp]
  ignore line: []
  ignore line: [Run Build Command:/usr/bin/gmake "cmTryCompileExec3135771317/fast"]
  ignore line: [/usr/bin/gmake -f CMakeFiles/cmTryCompileExec3135771317.dir/build.make CMakeFiles/cmTryCompileExec3135771317.dir/build]
  ignore line: [gmake[1]: Entering directory `/home/ryanmcc/GameOfLifeCPP/build_phi/CMakeFiles/CMakeTmp']
  ignore line: [/usr/bin/cmake -E cmake_progress_report /home/ryanmcc/GameOfLifeCPP/build_phi/CMakeFiles/CMakeTmp/CMakeFiles 1]
  ignore line: [Building C object CMakeFiles/cmTryCompileExec3135771317.dir/CMakeCCompilerABI.c.o]
  ignore line: [/usr/bin/cc    -o CMakeFiles/cmTryCompileExec3135771317.dir/CMakeCCompilerABI.c.o   -c /usr/share/cmake/Modules/CMakeCCompilerABI.c]
  ignore line: [Linking C executable cmTryCompileExec3135771317]
  ignore line: [/usr/bin/cmake -E cmake_link_script CMakeFiles/cmTryCompileExec3135771317.dir/link.txt --verbose=1]
  ignore line: [/usr/bin/cc       -v CMakeFiles/cmTryCompileExec3135771317.dir/CMakeCCompilerABI.c.o  -o cmTryCompileExec3135771317 -rdynamic  ]
  ignore line: [Using built-in specs.]
  ignore line: [COLLECT_GCC=/usr/bin/cc]
  ignore line: [COLLECT_LTO_WRAPPER=/usr/libexec/gcc/x86_64-redhat-linux/4.8.3/lto-wrapper]
  ignore line: [Target: x86_64-redhat-linux]
  ignore line: [Configured with: ../configure --prefix=/usr --mandir=/usr/share/man --infodir=/usr/share/info --with-bugurl=http://bugzilla.redhat.com/bugzilla --enable-bootstrap --enable-shared --enable-threads=posix --enable-checking=release --with-system-zlib --enable-__cxa_atexit --disable-libunwind-exceptions --enable-gnu-unique-object --enable-linker-build-id --with-linker-hash-style=gnu --enable-languages=c,c++,objc,obj-c++,java,fortran,ada,go,lto --enable-plugin --enable-initfini-array --disable-libgcj --with-isl=/builddir/build/BUILD/gcc-4.8.3-20140911/obj-x86_64-redhat-linux/isl-install --with-cloog=/builddir/build/BUILD/gcc-4.8.3-20140911/obj-x86_64-redhat-linux/cloog-install --enable-gnu-indirect-function --with-tune=generic --with-arch_32=x86-64 --build=x86_64-redhat-linux]
  ignore line: [Thread model: posix]
  ignore line: [gcc version 4.8.3 20140911 (Red Hat 4.8.3-9) (GCC) ]
  ignore line: [COMPILER_PATH=/usr/libexec/gcc/x86_64-redhat-linux/4.8.3/:/usr/libexec/gcc/x86_64-redhat-linux/4.8.3/:/usr/libexec/gcc/x86_64-redhat-linux/:/usr/lib/gcc/x86_64-redhat-linux/4.8.3/:/usr/lib/gcc/x86_64-redhat-linux/]
  ignore line: [LIBRARY_PATH=/usr/lib/gcc/x86_64-redhat-linux/4.8.3/:/usr/lib/gcc/x86_64-redhat-linux/4.8.3/../../../../lib64/:/lib/../lib64/:/usr/lib/../lib64/:/share/apps/tools/intel/composer_xe_2015.3.187//compiler/lib/intel64/:/share/apps/tools/intel/composer_xe_2015.3.187//ipp/lib/intel64/:/share/apps/tools/intel/composer_xe_2015.3.187//compiler/lib/intel64/:/share/apps/tools/intel/composer_xe_2015.3.187//mkl/lib/intel64/:/share/apps/tools/intel/composer_xe_2015.3.187//tbb/lib/intel64/gcc4.4/:/usr/lib/gcc/x86_64-redhat-linux/4.8.3/../../../:/lib/:/usr/lib/]
  ignore line: [COLLECT_GCC_OPTIONS='-v' '-o' 'cmTryCompileExec3135771317' '-rdynamic' '-mtune=generic' '-march=x86-64']
  link line: [ /usr/libexec/gcc/x86_64-redhat-linux/4.8.3/collect2 --build-id --no-add-needed --eh-frame-hdr --hash-style=gnu -m elf_x86_64 -export-dynamic -dynamic-linker /lib64/ld-linux-x86-64.so.2 -o cmTryCompileExec3135771317 /usr/lib/gcc/x86_64-redhat-linux/4.8.3/../../../../lib64/crt1.o /usr/lib/gcc/x86_64-redhat-linux/4.8.3/../../../../lib64/crti.o /usr/lib/gcc/x86_64-redhat-linux/4.8.3/crtbegin.o -L/usr/lib/gcc/x86_64-redhat-linux/4.8.3 -L/usr/lib/gcc/x86_64-redhat-linux/4.8.3/../../../../lib64 -L/lib/../lib64 -L/usr/lib/../lib64 -L/share/apps/tools/intel/composer_xe_2015.3.187//compiler/lib/intel64 -L/share/apps/tools/intel/composer_xe_2015.3.187//ipp/lib/intel64 -L/share/apps/tools/intel/composer_xe_2015.3.187//compiler/lib/intel64 -L/share/apps/tools/intel/composer_xe_2015.3.187//mkl/lib/intel64 -L/share/apps/tools/intel/composer_xe_2015.3.187//tbb/lib/intel64/gcc4.4 -L/usr/lib/gcc/x86_64-redhat-linux/4.8.3/../../.. CMakeFiles/cmTryCompileExec3135771317.dir/CMakeCCompilerABI.c.o -lgcc --as-needed -lgcc_s --no-as-needed -lc -lgcc --as-needed -lgcc_s --no-as-needed /usr/lib/gcc/x86_64-redhat-linux/4.8.3/crtend.o /usr/lib/gcc/x86_64-redhat-linux/4.8.3/../../../../lib64/crtn.o]
    arg [/usr/libexec/gcc/x86_64-redhat-linux/4.8.3/collect2] ==> ignore
    arg [--build-id] ==> ignore
    arg [--no-add-needed] ==> ignore
    arg [--eh-frame-hdr] ==> ignore
    arg [--hash-style=gnu] ==> ignore
    arg [-m] ==> ignore
    arg [elf_x86_64] ==> ignore
    arg [-export-dynamic] ==> ignore
    arg [-dynamic-linker] ==> ignore
    arg [/lib64/ld-linux-x86-64.so.2] ==> ignore
    arg [-o] ==> ignore
    arg [cmTryCompileExec3135771317] ==> ignore
    arg [/usr/lib/gcc/x86_64-redhat-linux/4.8.3/../../../../lib64/crt1.o] ==> ignore
    arg [/usr/lib/gcc/x86_64-redhat-linux/4.8.3/../../../../lib64/crti.o] ==> ignore
    arg [/usr/lib/gcc/x86_64-redhat-linux/4.8.3/crtbegin.o] ==> ignore
    arg [-L/usr/lib/gcc/x86_64-redhat-linux/4.8.3] ==> dir [/usr/lib/gcc/x86_64-redhat-linux/4.8.3]
    arg [-L/usr/lib/gcc/x86_64-redhat-linux/4.8.3/../../../../lib64] ==> dir [/usr/lib/gcc/x86_64-redhat-linux/4.8.3/../../../../lib64]
    arg [-L/lib/../lib64] ==> dir [/lib/../lib64]
    arg [-L/usr/lib/../lib64] ==> dir [/usr/lib/../lib64]
    arg [-L/share/apps/tools/intel/composer_xe_2015.3.187//compiler/lib/intel64] ==> dir [/share/apps/tools/intel/composer_xe_2015.3.187//compiler/lib/intel64]
    arg [-L/share/apps/tools/intel/composer_xe_2015.3.187//ipp/lib/intel64] ==> dir [/share/apps/tools/intel/composer_xe_2015.3.187//ipp/lib/intel64]
    arg [-L/share/apps/tools/intel/composer_xe_2015.3.187//compiler/lib/intel64] ==> dir [/share/apps/tools/intel/composer_xe_2015.3.187//compiler/lib/intel64]
    arg [-L/share/apps/tools/intel/composer_xe_2015.3.187//mkl/lib/intel64] ==> dir [/share/apps/tools/intel/composer_xe_2015.3.187//mkl/lib/intel64]
    arg [-L/share/apps/tools/intel/composer_xe_2015.3.187//tbb/lib/intel64/gcc4.4] ==> dir [/share/apps/tools/intel/composer_xe_2015.3.187//tbb/lib/intel64/gcc4.4]
    arg [-L/usr/lib/gcc/x86_64-redhat-linux/4.8.3/../../..] ==> dir [/usr/lib/gcc/x86_64-redhat-linux/4.8.3/../../..]
    arg [CMakeFiles/cmTryCompileExec3135771317.dir/CMakeCCompilerABI.c.o] ==> ignore
    arg [-lgcc] ==> lib [gcc]
    arg [--as-needed] ==> ignore
    arg [-lgcc_s] ==> lib [gcc_s]
    arg [--no-as-needed] ==> ignore
    arg [-lc] ==> lib [c]
    arg [-lgcc] ==> lib [gcc]
    arg [--as-needed] ==> ignore
    arg [-lgcc_s] ==> lib [gcc_s]
    arg [--no-as-needed] ==> ignore
    arg [/usr/lib/gcc/x86_64-redhat-linux/4.8.3/crtend.o] ==> ignore
    arg [/usr/lib/gcc/x86_64-redhat-linux/4.8.3/../../../../lib64/crtn.o] ==> ignore
  remove lib [gcc]
  remove lib [gcc_s]
  remove lib [gcc]
  remove lib [gcc_s]
  collapse library dir [/usr/lib/gcc/x86_64-redhat-linux/4.8.3] ==> [/usr/lib/gcc/x86_64-redhat-linux/4.8.3]
  collapse library dir [/usr/lib/gcc/x86_64-redhat-linux/4.8.3/../../../../lib64] ==> [/usr/lib64]
  collapse library dir [/lib/../lib64] ==> [/lib64]
  collapse library dir [/usr/lib/../lib64] ==> [/usr/lib64]
  collapse library dir [/share/apps/tools/intel/composer_xe_2015.3.187//compiler/lib/intel64] ==> [/share/apps/tools/intel/composer_xe_2015.3.187/compiler/lib/intel64]
  collapse library dir [/share/apps/tools/intel/composer_xe_2015.3.187//ipp/lib/intel64] ==> [/share/apps/tools/intel/composer_xe_2015.3.187/ipp/lib/intel64]
  collapse library dir [/share/apps/tools/intel/composer_xe_2015.3.187//compiler/lib/intel64] ==> [/share/apps/tools/intel/composer_xe_2015.3.187/compiler/lib/intel64]
  collapse library dir [/share/apps/tools/intel/composer_xe_2015.3.187//mkl/lib/intel64] ==> [/share/apps/tools/intel/composer_xe_2015.3.187/mkl/lib/intel64]
  collapse library dir [/share/apps/tools/intel/composer_xe_2015.3.187//tbb/lib/intel64/gcc4.4] ==> [/share/apps/tools/intel/composer_xe_2015.3.187/tbb/lib/intel64/gcc4.4]
  collapse library dir [/usr/lib/gcc/x86_64-redhat-linux/4.8.3/../../..] ==> [/usr/lib]
  implicit libs: [c]
  implicit dirs: [/usr/lib/gcc/x86_64-redhat-linux/4.8.3;/usr/lib64;/lib64;/share/apps/tools/intel/composer_xe_2015.3.187/compiler/lib/intel64;/share/apps/tools/intel/composer_xe_2015.3.187/ipp/lib/intel64;/share/apps/tools/intel/composer_xe_2015.3.187/mkl/lib/intel64;/share/apps/tools/intel/composer_xe_2015.3.187/tbb/lib/intel64/gcc4.4;/usr/lib]
  implicit fwks: []


Determining if the CXX compiler works passed with the following output:
Change Dir: /home/ryanmcc/GameOfLifeCPP/build_phi/CMakeFiles/CMakeTmp

Run Build Command:/usr/bin/gmake "cmTryCompileExec2711976123/fast"
/usr/bin/gmake -f CMakeFiles/cmTryCompileExec2711976123.dir/build.make CMakeFiles/cmTryCompileExec2711976123.dir/build
gmake[1]: Entering directory `/home/ryanmcc/GameOfLifeCPP/build_phi/CMakeFiles/CMakeTmp'
/usr/bin/cmake -E cmake_progress_report /home/ryanmcc/GameOfLifeCPP/build_phi/CMakeFiles/CMakeTmp/CMakeFiles 1
Building CXX object CMakeFiles/cmTryCompileExec2711976123.dir/testCXXCompiler.cxx.o
/share/apps/tools/intel/composer_xe_2015.3.187/bin/intel64/icpc     -o CMakeFiles/cmTryCompileExec2711976123.dir/testCXXCompiler.cxx.o -c /home/ryanmcc/GameOfLifeCPP/build_phi/CMakeFiles/CMakeTmp/testCXXCompiler.cxx
Linking CXX executable cmTryCompileExec2711976123
/usr/bin/cmake -E cmake_link_script CMakeFiles/cmTryCompileExec2711976123.dir/link.txt --verbose=1
/share/apps/tools/intel/composer_xe_2015.3.187/bin/intel64/icpc          CMakeFiles/cmTryCompileExec2711976123.dir/testCXXCompiler.cxx.o  -o cmTryCompileExec2711976123 -rdynamic 
gmake[1]: Leaving directory `/home/ryanmcc/GameOfLifeCPP/build_phi/CMakeFiles/CMakeTmp'


Detecting CXX compiler ABI info compiled with the following output:
Change Dir: /home/ryanmcc/GameOfLifeCPP/build_phi/CMakeFiles/CMakeTmp

Run Build Command:/usr/bin/gmake "cmTryCompileExec1922189254/fast"
/usr/bin/gmake -f CMakeFiles/cmTryCompileExec1922189254.dir/build.make CMakeFiles/cmTryCompileExec1922189254.dir/build
gmake[1]: Entering directory `/home/ryanmcc/GameOfLifeCPP/build_phi/CMakeFiles/CMakeTmp'
/usr/bin/cmake -E cmake_progress_report /home/ryanmcc/GameOfLifeCPP/build_phi/CMakeFiles/CMakeTmp/CMakeFiles 1
Building CXX object CMakeFiles/cmTryCompileExec1922189254.dir/CMakeCXXCompilerABI.cpp.o
/share/apps/tools/intel/composer_xe_2015.3.187/bin/intel64/icpc     -o CMakeFiles/cmTryCompileExec1922189254.dir/CMakeCXXCompilerABI.cpp.o -c /usr/share/cmake/Modules/CMakeCXXCompilerABI.cpp
Linking CXX executable cmTryCompileExec1922189254
/usr/bin/cmake -E cmake_link_script CMakeFiles/cmTryCompileExec1922189254.dir/link.txt --verbose=1
/share/apps/tools/intel/composer_xe_2015.3.187/bin/intel64/icpc        -v CMakeFiles/cmTryCompileExec1922189254.dir/CMakeCXXCompilerABI.cpp.o  -o cmTryCompileExec1922189254 -rdynamic  
icpc version 15.0.3 (gcc version 4.8.3 compatibility)
/share/apps/tools/intel/composer_xe_2015.3.187/bin/intel64/mcpcom    -mP1OPT_version=15.0-intel64 -mGLOB_diag_file=CMakeFiles/cmTryCompileExec1922189254.dir/CMakeCXXCompilerABI.cpp.diag -mP1OPT_print_version=FALSE -mCG_use_gas_got_workaround=F -mP2OPT_align_option_used=TRUE -mGLOB_gcc_version=483 "-mGLOB_options_string=-v -o cmTryCompileExec1922189254 -rdynamic" -mGLOB_cxx_limited_range=FALSE -mCG_extend_parms=FALSE -mGLOB_compiler_bin_directory=/share/apps/tools/intel/composer_xe_2015.3.187/bin/intel64 -mGLOB_as_output_backup_file_name=/tmp/icpcavdOr6as_.s -mIPOPT_activate -mGLOB_em64t -mGLOB_product_id_code=0x22006d8e -mP3OPT_use_mspp_call_convention -mP2OPT_subs_out_of_bound=FALSE -mP2OPT_disam_type_based_disam=2 -mP2OPT_disam_assume_ansi_c -mP2OPT_checked_disam_ansi_alias=TRUE -mGLOB_ansi_alias -mPGOPTI_value_profile_use=T -mGLOB_opt_report_use_source_name -mP2OPT_il0_array_sections=TRUE -mGLOB_offload_mode=1 -mP2OPT_offload_unique_var_string=icpc0102145625345lsUB1m -mP2OPT_hlo -mP2OPT_hpo_rtt_control=0 -mIPOPT_args_in_regs=0 -mP2OPT_disam_assume_nonstd_intent_in=FALSE -mGLOB_imf_mapping_library=/share/apps/tools/intel/composer_xe_2015.3.187/bin/intel64/libiml_attr.so -mPGOPTI_gen_threadsafe_level=0 -mIPOPT_link -mIPOPT_ipo_activate -mIPOPT_mo_activate -mIPOPT_source_files_list=/tmp/icpcslisrQMGtY -mIPOPT_mo_global_data -mIPOPT_link_script_file=/tmp/icpcscriptIl8PsG "-mIPOPT_cmdline_link="/usr/lib/gcc/x86_64-redhat-linux/4.8.3/../../../../lib64/crt1.o" "/usr/lib/gcc/x86_64-redhat-linux/4.8.3/../../../../lib64/crti.o" "/usr/lib/gcc/x86_64-redhat-linux/4.8.3/crtbegin.o" "-export-dynamic" "--eh-frame-hdr" "--build-id" "-dynamic-linker" "/lib64/ld-linux-x86-64.so.2" "-m" "elf_x86_64" "-o" "cmTryCompileExec1922189254" "-L/share/apps/tools/intel/composer_xe_2015.3.187//compiler/lib/intel64" "-L/share/apps/tools/intel/composer_xe_2015.3.187//ipp/lib/intel64" "-L/share/apps/tools/intel/composer_xe_2015.3.187//compiler/lib/intel64" "-L/share/apps/tools/intel/composer_xe_2015.3.187//mkl/lib/intel64" "-L/share/apps/tools/intel/composer_xe_2015.3.187//tbb/lib/intel64/gcc4.4" "-L/share/apps/tools/intel/composer_xe_2015.3.187/compiler/lib/intel64" "-L/usr/lib/gcc/x86_64-redhat-linux/4.8.3/" "-L/usr/lib/gcc/x86_64-redhat-linux/4.8.3/../../../../lib64" "-L/usr/lib/gcc/x86_64-redhat-linux/4.8.3/../../../../lib64/" "-L/lib/../lib64" "-L/lib/../lib64/" "-L/usr/lib/../lib64" "-L/usr/lib/../lib64/" "-L/share/apps/tools/intel/composer_xe_2015.3.187//compiler/lib/intel64/" "-L/share/apps/tools/intel/composer_xe_2015.3.187//ipp/lib/intel64/" "-L/share/apps/tools/intel/composer_xe_2015.3.187//mkl/lib/intel64/" "-L/share/apps/tools/intel/composer_xe_2015.3.187//tbb/lib/intel64/gcc4.4/" "-L/usr/lib/gcc/x86_64-redhat-linux/4.8.3/../../../" "-L/lib64" "-L/lib/" "-L/usr/lib64" "-L/usr/lib" "CMakeFiles/cmTryCompileExec1922189254.dir/CMakeCXXCompilerABI.cpp.o" "-Bdynamic" "-Bstatic" "-limf" "-lsvml" "-lirng" "-Bdynamic" "-lm" "-Bstatic" "-lipgo" "-ldecimal" "--as-needed" "-Bdynamic" "-lcilkrts" "--no-as-needed" "-lstdc++" "-lgcc" "-lgcc_s" "-Bstatic" "-lirc" "-lsvml" "-Bdynamic" "-lc" "-lgcc" "-lgcc_s" "-Bstatic" "-lirc_s" "-Bdynamic" "-ldl" "-lc" "/usr/lib/gcc/x86_64-redhat-linux/4.8.3/crtend.o" "/usr/lib/gcc/x86_64-redhat-linux/4.8.3/../../../../lib64/crtn.o"" -mIPOPT_il_in_obj -mIPOPT_ipo_activate_warn=FALSE -mIPOPT_obj_output_file_name=/tmp/ipo_icpcLzQ9yI.o -mIPOPT_whole_archive_fixup_file_name=/tmp/icpcwarchhMXjJc -mGLOB_linker_version=2.23.52.0.1 -mGLOB_long_size_64 -mGLOB_routine_pointer_size_64 -mGLOB_driver_tempfile_name=/tmp/icpctempfileuJA4MU -mP3OPT_asm_target=P3OPT_ASM_TARGET_GAS -mGLOB_async_unwind_tables=TRUE -mGLOB_obj_output_file=/tmp/ipo_icpcLzQ9yI.o -mGLOB_source_dialect=GLOB_SOURCE_DIALECT_NONE -mP1OPT_source_file_name=ipo_out.c CMakeFiles/cmTryCompileExec1922189254.dir/CMakeCXXCompilerABI.cpp.o -mIPOPT_object_files=T -mIPOPT_assembly_files=/tmp/icpcaliszeugx8 -mIPOPT_generated_tempfiles=/tmp/icpcelis0kqlwQ -mIPOPT_embedded_object_base_name=/tmp/icpceobjrLqrvy -mIPOPT_cmdline_link_new_name=/tmp/icpcllisoWyyug
ld    /usr/lib/gcc/x86_64-redhat-linux/4.8.3/../../../../lib64/crt1.o /usr/lib/gcc/x86_64-redhat-linux/4.8.3/../../../../lib64/crti.o /usr/lib/gcc/x86_64-redhat-linux/4.8.3/crtbegin.o -export-dynamic --eh-frame-hdr --build-id -dynamic-linker /lib64/ld-linux-x86-64.so.2 -m elf_x86_64 -o cmTryCompileExec1922189254 -L/share/apps/tools/intel/composer_xe_2015.3.187//compiler/lib/intel64 -L/share/apps/tools/intel/composer_xe_2015.3.187//ipp/lib/intel64 -L/share/apps/tools/intel/composer_xe_2015.3.187//compiler/lib/intel64 -L/share/apps/tools/intel/composer_xe_2015.3.187//mkl/lib/intel64 -L/share/apps/tools/intel/composer_xe_2015.3.187//tbb/lib/intel64/gcc4.4 -L/share/apps/tools/intel/composer_xe_2015.3.187/compiler/lib/intel64 -L/usr/lib/gcc/x86_64-redhat-linux/4.8.3/ -L/usr/lib/gcc/x86_64-redhat-linux/4.8.3/../../../../lib64 -L/usr/lib/gcc/x86_64-redhat-linux/4.8.3/../../../../lib64/ -L/lib/../lib64 -L/lib/../lib64/ -L/usr/lib/../lib64 -L/usr/lib/../lib64/ -L/share/apps/tools/intel/composer_xe_2015.3.187//compiler/lib/intel64/ -L/share/apps/tools/intel/composer_xe_2015.3.187//ipp/lib/intel64/ -L/share/apps/tools/intel/composer_xe_2015.3.187//mkl/lib/intel64/ -L/share/apps/tools/intel/composer_xe_2015.3.187//tbb/lib/intel64/gcc4.4/ -L/usr/lib/gcc/x86_64-redhat-linux/4.8.3/../../../ -L/lib64 -L/lib/ -L/usr/lib64 -L/usr/lib CMakeFiles/cmTryCompileExec1922189254.dir/CMakeCXXCompilerABI.cpp.o -Bdynamic -Bstatic -limf -lsvml -lirng -Bdynamic -lm -Bstatic -lipgo -ldecimal --as-needed -Bdynamic -lcilkrts --no-as-needed -lstdc++ -lgcc -lgcc_s -Bstatic -lirc -lsvml -Bdynamic -lc -lgcc -lgcc_s -Bstatic -lirc_s -Bdynamic -ldl -lc /usr/lib/gcc/x86_64-redhat-linux/4.8.3/crtend.o /usr/lib/gcc/x86_64-redhat-linux/4.8.3/../../../../lib64/crtn.o
gmake[1]: Leaving directory `/home/ryanmcc/GameOfLifeCPP/build_phi/CMakeFiles/CMakeTmp'


Parsed CXX implicit link information from above output:
  link line regex: [^( *|.*[/\])(ld|ld|collect2)[^/\]*( |$)]
  ignore line: [Change Dir: /home/ryanmcc/GameOfLifeCPP/build_phi/CMakeFiles/CMakeTmp]
  ignore line: []
  ignore line: [Run Build Command:/usr/bin/gmake "cmTryCompileExec1922189254/fast"]
  ignore line: [/usr/bin/gmake -f CMakeFiles/cmTryCompileExec1922189254.dir/build.make CMakeFiles/cmTryCompileExec1922189254.dir/build]
  ignore line: [gmake[1]: Entering directory `/home/ryanmcc/GameOfLifeCPP/build_phi/CMakeFiles/CMakeTmp']
  ignore line: [/usr/bin/cmake -E cmake_progress_report /home/ryanmcc/GameOfLifeCPP/build_phi/CMakeFiles/CMakeTmp/CMakeFiles 1]
  ignore line: [Building CXX object CMakeFiles/cmTryCompileExec1922189254.dir/CMakeCXXCompilerABI.cpp.o]
  ignore line: [/share/apps/tools/intel/composer_xe_2015.3.187/bin/intel64/icpc     -o CMakeFiles/cmTryCompileExec1922189254.dir/CMakeCXXCompilerABI.cpp.o -c /usr/share/cmake/Modules/CMakeCXXCompilerABI.cpp]
  ignore line: [Linking CXX executable cmTryCompileExec1922189254]
  ignore line: [/usr/bin/cmake -E cmake_link_script CMakeFiles/cmTryCompileExec1922189254.dir/link.txt --verbose=1]
  ignore line: [/share/apps/tools/intel/composer_xe_2015.3.187/bin/intel64/icpc        -v CMakeFiles/cmTryCompileExec1922189254.dir/CMakeCXXCompilerABI.cpp.o  -o cmTryCompileExec1922189254 -rdynamic  ]
  ignore line: [icpc version 15.0.3 (gcc version 4.8.3 compatibility)]
  ignore line: [/share/apps/tools/intel/composer_xe_2015.3.187/bin/intel64/mcpcom    -mP1OPT_version=15.0-intel64 -mGLOB_diag_file=CMakeFiles/cmTryCompileExec1922189254.dir/CMakeCXXCompilerABI.cpp.diag -mP1OPT_print_version=FALSE -mCG_use_gas_got_workaround=F -mP2OPT_align_option_used=TRUE -mGLOB_gcc_version=483 "-mGLOB_options_string=-v -o cmTryCompileExec1922189254 -rdynamic" -mGLOB_cxx_limited_range=FALSE -mCG_extend_parms=FALSE -mGLOB_compiler_bin_directory=/share/apps/tools/intel/composer_xe_2015.3.187/bin/intel64 -mGLOB_as_output_backup_file_name=/tmp/icpcavdOr6as_.s -mIPOPT_activate -mGLOB_em64t -mGLOB_product_id_code=0x22006d8e -mP3OPT_use_mspp_call_convention -mP2OPT_subs_out_of_bound=FALSE -mP2OPT_disam_type_based_disam=2 -mP2OPT_disam_assume_ansi_c -mP2OPT_checked_disam_ansi_alias=TRUE -mGLOB_ansi_alias -mPGOPTI_value_profile_use=T -mGLOB_opt_report_use_source_name -mP2OPT_il0_array_sections=TRUE -mGLOB_offload_mode=1 -mP2OPT_offload_unique_var_string=icpc0102145625345lsUB1m -mP2OPT_hlo -mP2OPT_hpo_rtt_control=0 -mIPOPT_args_in_regs=0 -mP2OPT_disam_assume_nonstd_intent_in=FALSE -mGLOB_imf_mapping_library=/share/apps/tools/intel/composer_xe_2015.3.187/bin/intel64/libiml_attr.so -mPGOPTI_gen_threadsafe_level=0 -mIPOPT_link -mIPOPT_ipo_activate -mIPOPT_mo_activate -mIPOPT_source_files_list=/tmp/icpcslisrQMGtY -mIPOPT_mo_global_data -mIPOPT_link_script_file=/tmp/icpcscriptIl8PsG "-mIPOPT_cmdline_link="/usr/lib/gcc/x86_64-redhat-linux/4.8.3/../../../../lib64/crt1.o" "/usr/lib/gcc/x86_64-redhat-linux/4.8.3/../../../../lib64/crti.o" "/usr/lib/gcc/x86_64-redhat-linux/4.8.3/crtbegin.o" "-export-dynamic" "--eh-frame-hdr" "--build-id" "-dynamic-linker" "/lib64/ld-linux-x86-64.so.2" "-m" "elf_x86_64" "-o" "cmTryCompileExec1922189254" "-L/share/apps/tools/intel/composer_xe_2015.3.187//compiler/lib/intel64" "-L/share/apps/tools/intel/composer_xe_2015.3.187//ipp/lib/intel64" "-L/share/apps/tools/intel/composer_xe_2015.3.187//compiler/lib/intel64" "-L/share/apps/tools/intel/composer_xe_2015.3.187//mkl/lib/intel64" "-L/share/apps/tools/intel/composer_xe_2015.3.187//tbb/lib/intel64/gcc4.4" "-L/share/apps/tools/intel/composer_xe_2015.3.187/compiler/lib/intel64" "-L/usr/lib/gcc/x86_64-redhat-linux/4.8.3/" "-L/usr/lib/gcc/x86_64-redhat-linux/4.8.3/../../../../lib64" "-L/usr/lib/gcc/x86_64-redhat-linux/4.8.3/../../../../lib64/" "-L/lib/../lib64" "-L/lib/../lib64/" "-L/usr/lib/../lib64" "-L/usr/lib/../lib64/" "-L/share/apps/tools/intel/composer_xe_2015.3.187//compiler/lib/intel64/" "-L/share/apps/tools/intel/composer_xe_2015.3.187//ipp/lib/intel64/" "-L/share/apps/tools/intel/composer_xe_2015.3.187//mkl/lib/intel64/" "-L/share/apps/tools/intel/composer_xe_2015.3.187//tbb/lib/intel64/gcc4.4/" "-L/usr/lib/gcc/x86_64-redhat-linux/4.8.3/../../../" "-L/lib64" "-L/lib/" "-L/usr/lib64" "-L/usr/lib" "CMakeFiles/cmTryCompileExec1922189254.dir/CMakeCXXCompilerABI.cpp.o" "-Bdynamic" "-Bstatic" "-limf" "-lsvml" "-lirng" "-Bdynamic" "-lm" "-Bstatic" "-lipgo" "-ldecimal" "--as-needed" "-Bdynamic" "-lcilkrts" "--no-as-needed" "-lstdc++" "-lgcc" "-lgcc_s" "-Bstatic" "-lirc" "-lsvml" "-Bdynamic" "-lc" "-lgcc" "-lgcc_s" "-Bstatic" "-lirc_s" "-Bdynamic" "-ldl" "-lc" "/usr/lib/gcc/x86_64-redhat-linux/4.8.3/crtend.o" "/usr/lib/gcc/x86_64-redhat-linux/4.8.3/../../../../lib64/crtn.o"" -mIPOPT_il_in_obj -mIPOPT_ipo_activate_warn=FALSE -mIPOPT_obj_output_file_name=/tmp/ipo_icpcLzQ9yI.o -mIPOPT_whole_archive_fixup_file_name=/tmp/icpcwarchhMXjJc -mGLOB_linker_version=2.23.52.0.1 -mGLOB_long_size_64 -mGLOB_routine_pointer_size_64 -mGLOB_driver_tempfile_name=/tmp/icpctempfileuJA4MU -mP3OPT_asm_target=P3OPT_ASM_TARGET_GAS -mGLOB_async_unwind_tables=TRUE -mGLOB_obj_output_file=/tmp/ipo_icpcLzQ9yI.o -mGLOB_source_dialect=GLOB_SOURCE_DIALECT_NONE -mP1OPT_source_file_name=ipo_out.c CMakeFiles/cmTryCompileExec1922189254.dir/CMakeCXXCompilerABI.cpp.o -mIPOPT_object_files=T -mIPOPT_assembly_files=/tmp/icpcaliszeugx8 -mIPOPT_generated_tempfiles=/tmp/icpcelis0kqlwQ -mIPOPT_embedded_object_base_name=/tmp/icpceobjrLqrvy -mIPOPT_cmdline_link_new_name=/tmp/icpcllisoWyyug]
  link line: [ld    /usr/lib/gcc/x86_64-redhat-linux/4.8.3/../../../../lib64/crt1.o /usr/lib/gcc/x86_64-redhat-linux/4.8.3/../../../../lib64/crti.o /usr/lib/gcc/x86_64-redhat-linux/4.8.3/crtbegin.o -export-dynamic --eh-frame-hdr --build-id -dynamic-linker /lib64/ld-linux-x86-64.so.2 -m elf_x86_64 -o cmTryCompileExec1922189254 -L/share/apps/tools/intel/composer_xe_2015.3.187//compiler/lib/intel64 -L/share/apps/tools/intel/composer_xe_2015.3.187//ipp/lib/intel64 -L/share/apps/tools/intel/composer_xe_2015.3.187//compiler/lib/intel64 -L/share/apps/tools/intel/composer_xe_2015.3.187//mkl/lib/intel64 -L/share/apps/tools/intel/composer_xe_2015.3.187//tbb/lib/intel64/gcc4.4 -L/share/apps/tools/intel/composer_xe_2015.3.187/compiler/lib/intel64 -L/usr/lib/gcc/x86_64-redhat-linux/4.8.3/ -L/usr/lib/gcc/x86_64-redhat-linux/4.8.3/../../../../lib64 -L/usr/lib/gcc/x86_64-redhat-linux/4.8.3/../../../../lib64/ -L/lib/../lib64 -L/lib/../lib64/ -L/usr/lib/../lib64 -L/usr/lib/../lib64/ -L/share/apps/tools/intel/composer_xe_2015.3.187//compiler/lib/intel64/ -L/share/apps/tools/intel/composer_xe_2015.3.187//ipp/lib/intel64/ -L/share/apps/tools/intel/composer_xe_2015.3.187//mkl/lib/intel64/ -L/share/apps/tools/intel/composer_xe_2015.3.187//tbb/lib/intel64/gcc4.4/ -L/usr/lib/gcc/x86_64-redhat-linux/4.8.3/../../../ -L/lib64 -L/lib/ -L/usr/lib64 -L/usr/lib CMakeFiles/cmTryCompileExec1922189254.dir/CMakeCXXCompilerABI.cpp.o -Bdynamic -Bstatic -limf -lsvml -lirng -Bdynamic -lm -Bstatic -lipgo -ldecimal --as-needed -Bdynamic -lcilkrts --no-as-needed -lstdc++ -lgcc -lgcc_s -Bstatic -lirc -lsvml -Bdynamic -lc -lgcc -lgcc_s -Bstatic -lirc_s -Bdynamic -ldl -lc /usr/lib/gcc/x86_64-redhat-linux/4.8.3/crtend.o /usr/lib/gcc/x86_64-redhat-linux/4.8.3/../../../../lib64/crtn.o]
    arg [ld] ==> ignore
    arg [/usr/lib/gcc/x86_64-redhat-linux/4.8.3/../../../../lib64/crt1.o] ==> ignore
    arg [/usr/lib/gcc/x86_64-redhat-linux/4.8.3/../../../../lib64/crti.o] ==> ignore
    arg [/usr/lib/gcc/x86_64-redhat-linux/4.8.3/crtbegin.o] ==> ignore
    arg [-export-dynamic] ==> ignore
    arg [--eh-frame-hdr] ==> ignore
    arg [--build-id] ==> ignore
    arg [-dynamic-linker] ==> ignore
    arg [/lib64/ld-linux-x86-64.so.2] ==> ignore
    arg [-m] ==> ignore
    arg [elf_x86_64] ==> ignore
    arg [-o] ==> ignore
    arg [cmTryCompileExec1922189254] ==> ignore
    arg [-L/share/apps/tools/intel/composer_xe_2015.3.187//compiler/lib/intel64] ==> dir [/share/apps/tools/intel/composer_xe_2015.3.187//compiler/lib/intel64]
    arg [-L/share/apps/tools/intel/composer_xe_2015.3.187//ipp/lib/intel64] ==> dir [/share/apps/tools/intel/composer_xe_2015.3.187//ipp/lib/intel64]
    arg [-L/share/apps/tools/intel/composer_xe_2015.3.187//compiler/lib/intel64] ==> dir [/share/apps/tools/intel/composer_xe_2015.3.187//compiler/lib/intel64]
    arg [-L/share/apps/tools/intel/composer_xe_2015.3.187//mkl/lib/intel64] ==> dir [/share/apps/tools/intel/composer_xe_2015.3.187//mkl/lib/intel64]
    arg [-L/share/apps/tools/intel/composer_xe_2015.3.187//tbb/lib/intel64/gcc4.4] ==> dir [/share/apps/tools/intel/composer_xe_2015.3.187//tbb/lib/intel64/gcc4.4]
    arg [-L/share/apps/tools/intel/composer_xe_2015.3.187/compiler/lib/intel64] ==> dir [/share/apps/tools/intel/composer_xe_2015.3.187/compiler/lib/intel64]
    arg [-L/usr/lib/gcc/x86_64-redhat-linux/4.8.3/] ==> dir [/usr/lib/gcc/x86_64-redhat-linux/4.8.3/]
    arg [-L/usr/lib/gcc/x86_64-redhat-linux/4.8.3/../../../../lib64] ==> dir [/usr/lib/gcc/x86_64-redhat-linux/4.8.3/../../../../lib64]
    arg [-L/usr/lib/gcc/x86_64-redhat-linux/4.8.3/../../../../lib64/] ==> dir [/usr/lib/gcc/x86_64-redhat-linux/4.8.3/../../../../lib64/]
    arg [-L/lib/../lib64] ==> dir [/lib/../lib64]
    arg [-L/lib/../lib64/] ==> dir [/lib/../lib64/]
    arg [-L/usr/lib/../lib64] ==> dir [/usr/lib/../lib64]
    arg [-L/usr/lib/../lib64/] ==> dir [/usr/lib/../lib64/]
    arg [-L/share/apps/tools/intel/composer_xe_2015.3.187//compiler/lib/intel64/] ==> dir [/share/apps/tools/intel/composer_xe_2015.3.187//compiler/lib/intel64/]
    arg [-L/share/apps/tools/intel/composer_xe_2015.3.187//ipp/lib/intel64/] ==> dir [/share/apps/tools/intel/composer_xe_2015.3.187//ipp/lib/intel64/]
    arg [-L/share/apps/tools/intel/composer_xe_2015.3.187//mkl/lib/intel64/] ==> dir [/share/apps/tools/intel/composer_xe_2015.3.187//mkl/lib/intel64/]
    arg [-L/share/apps/tools/intel/composer_xe_2015.3.187//tbb/lib/intel64/gcc4.4/] ==> dir [/share/apps/tools/intel/composer_xe_2015.3.187//tbb/lib/intel64/gcc4.4/]
    arg [-L/usr/lib/gcc/x86_64-redhat-linux/4.8.3/../../../] ==> dir [/usr/lib/gcc/x86_64-redhat-linux/4.8.3/../../../]
    arg [-L/lib64] ==> dir [/lib64]
    arg [-L/lib/] ==> dir [/lib/]
    arg [-L/usr/lib64] ==> dir [/usr/lib64]
    arg [-L/usr/lib] ==> dir [/usr/lib]
    arg [CMakeFiles/cmTryCompileExec1922189254.dir/CMakeCXXCompilerABI.cpp.o] ==> ignore
    arg [-Bdynamic] ==> ignore
    arg [-Bstatic] ==> ignore
    arg [-limf] ==> lib [imf]
    arg [-lsvml] ==> lib [svml]
    arg [-lirng] ==> lib [irng]
    arg [-Bdynamic] ==> ignore
    arg [-lm] ==> lib [m]
    arg [-Bstatic] ==> ignore
    arg [-lipgo] ==> lib [ipgo]
    arg [-ldecimal] ==> lib [decimal]
    arg [--as-needed] ==> ignore
    arg [-Bdynamic] ==> ignore
    arg [-lcilkrts] ==> lib [cilkrts]
    arg [--no-as-needed] ==> ignore
    arg [-lstdc++] ==> lib [stdc++]
    arg [-lgcc] ==> lib [gcc]
    arg [-lgcc_s] ==> lib [gcc_s]
    arg [-Bstatic] ==> ignore
    arg [-lirc] ==> lib [irc]
    arg [-lsvml] ==> lib [svml]
    arg [-Bdynamic] ==> ignore
    arg [-lc] ==> lib [c]
    arg [-lgcc] ==> lib [gcc]
    arg [-lgcc_s] ==> lib [gcc_s]
    arg [-Bstatic] ==> ignore
    arg [-lirc_s] ==> lib [irc_s]
    arg [-Bdynamic] ==> ignore
    arg [-ldl] ==> lib [dl]
    arg [-lc] ==> lib [c]
    arg [/usr/lib/gcc/x86_64-redhat-linux/4.8.3/crtend.o] ==> ignore
    arg [/usr/lib/gcc/x86_64-redhat-linux/4.8.3/../../../../lib64/crtn.o] ==> ignore
  remove lib [gcc]
  remove lib [gcc_s]
  remove lib [gcc]
  remove lib [gcc_s]
  collapse library dir [/share/apps/tools/intel/composer_xe_2015.3.187//compiler/lib/intel64] ==> [/share/apps/tools/intel/composer_xe_2015.3.187/compiler/lib/intel64]
  collapse library dir [/share/apps/tools/intel/composer_xe_2015.3.187//ipp/lib/intel64] ==> [/share/apps/tools/intel/composer_xe_2015.3.187/ipp/lib/intel64]
  collapse library dir [/share/apps/tools/intel/composer_xe_2015.3.187//compiler/lib/intel64] ==> [/share/apps/tools/intel/composer_xe_2015.3.187/compiler/lib/intel64]
  collapse library dir [/share/apps/tools/intel/composer_xe_2015.3.187//mkl/lib/intel64] ==> [/share/apps/tools/intel/composer_xe_2015.3.187/mkl/lib/intel64]
  collapse library dir [/share/apps/tools/intel/composer_xe_2015.3.187//tbb/lib/intel64/gcc4.4] ==> [/share/apps/tools/intel/composer_xe_2015.3.187/tbb/lib/intel64/gcc4.4]
  collapse library dir [/share/apps/tools/intel/composer_xe_2015.3.187/compiler/lib/intel64] ==> [/share/apps/tools/intel/composer_xe_2015.3.187/compiler/lib/intel64]
  collapse library dir [/usr/lib/gcc/x86_64-redhat-linux/4.8.3/] ==> [/usr/lib/gcc/x86_64-redhat-linux/4.8.3]
  collapse library dir [/usr/lib/gcc/x86_64-redhat-linux/4.8.3/../../../../lib64] ==> [/usr/lib64]
  collapse library dir [/usr/lib/gcc/x86_64-redhat-linux/4.8.3/../../../../lib64/] ==> [/usr/lib64]
  collapse library dir [/lib/../lib64] ==> [/lib64]
  collapse library dir [/lib/../lib64/] ==> [/lib64]
  collapse library dir [/usr/lib/../lib64] ==> [/usr/lib64]
  collapse library dir [/usr/lib/../lib64/] ==> [/usr/lib64]
  collapse library dir [/share/apps/tools/intel/composer_xe_2015.3.187//compiler/lib/intel64/] ==> [/share/apps/tools/intel/composer_xe_2015.3.187/compiler/lib/intel64]
  collapse library dir [/share/apps/tools/intel/composer_xe_2015.3.187//ipp/lib/intel64/] ==> [/share/apps/tools/intel/composer_xe_2015.3.187/ipp/lib/intel64]
  collapse library dir [/share/apps/tools/intel/composer_xe_2015.3.187//mkl/lib/intel64/] ==> [/share/apps/tools/intel/composer_xe_2015.3.187/mkl/lib/intel64]
  collapse library dir [/share/apps/tools/intel/composer_xe_2015.3.187//tbb/lib/intel64/gcc4.4/] ==> [/share/apps/tools/intel/composer_xe_2015.3.187/tbb/lib/intel64/gcc4.4]
  collapse library dir [/usr/lib/gcc/x86_64-redhat-linux/4.8.3/../../../] ==> [/usr/lib]
  collapse library dir [/lib64] ==> [/lib64]
  collapse library dir [/lib/] ==> [/lib]
  collapse library dir [/usr/lib64] ==> [/usr/lib64]
  collapse library dir [/usr/lib] ==> [/usr/lib]
  implicit libs: [imf;svml;irng;m;ipgo;decimal;cilkrts;stdc++;irc;svml;c;irc_s;dl;c]
  implicit dirs: [/share/apps/tools/intel/composer_xe_2015.3.187/compiler/lib/intel64;/share/apps/tools/intel/composer_xe_2015.3.187/ipp/lib/intel64;/share/apps/tools/intel/composer_xe_2015.3.187/mkl/lib/intel64;/share/apps/tools/intel/composer_xe_2015.3.187/tbb/lib/intel64/gcc4.4;/usr/lib/gcc/x86_64-redhat-linux/4.8.3;/usr/lib64;/lib64;/usr/lib;/lib]
  implicit fwks: []


